2013-02-15 21:26:02 Notice: Notice (8): Undefined variable: posts in [/Users/mmoscosa/Sites/mmoscosaV3/View/Portfolio/index.ctp, line 7]
Trace:
include - APP/View/Portfolio/index.ctp, line 7
View::_evaluate() - CORE/Cake/View/View.php, line 910
View::_render() - CORE/Cake/View/View.php, line 874
View::render() - CORE/Cake/View/View.php, line 465
Controller::render() - CORE/Cake/Controller/Controller.php, line 959
Dispatcher::_invoke() - CORE/Cake/Routing/Dispatcher.php, line 110
Dispatcher::dispatch() - CORE/Cake/Routing/Dispatcher.php, line 85
[main] - APP/webroot/index.php, line 97

2013-02-15 21:26:02 Notice: Notice (8): Undefined variable: posts in [/Users/mmoscosa/Sites/mmoscosaV3/View/Portfolio/index.ctp, line 11]
Trace:
include - APP/View/Portfolio/index.ctp, line 11
View::_evaluate() - CORE/Cake/View/View.php, line 910
View::_render() - CORE/Cake/View/View.php, line 874
View::render() - CORE/Cake/View/View.php, line 465
Controller::render() - CORE/Cake/Controller/Controller.php, line 959
Dispatcher::_invoke() - CORE/Cake/Routing/Dispatcher.php, line 110
Dispatcher::dispatch() - CORE/Cake/Routing/Dispatcher.php, line 85
[main] - APP/webroot/index.php, line 97

2013-02-15 21:26:53 Notice: Notice (8): Undefined variable: posts in [/Users/mmoscosa/Sites/mmoscosaV3/View/Portfolio/index.ctp, line 7]
Trace:
include - APP/View/Portfolio/index.ctp, line 7
View::_evaluate() - CORE/Cake/View/View.php, line 910
View::_render() - CORE/Cake/View/View.php, line 874
View::render() - CORE/Cake/View/View.php, line 465
Controller::render() - CORE/Cake/Controller/Controller.php, line 959
Dispatcher::_invoke() - CORE/Cake/Routing/Dispatcher.php, line 110
Dispatcher::dispatch() - CORE/Cake/Routing/Dispatcher.php, line 85
[main] - APP/webroot/index.php, line 97

2013-02-15 21:27:17 Notice: Notice (8): Undefined variable: posts in [/Users/mmoscosa/Sites/mmoscosaV3/View/Portfolio/index.ctp, line 7]
Trace:
include - APP/View/Portfolio/index.ctp, line 7
View::_evaluate() - CORE/Cake/View/View.php, line 910
View::_render() - CORE/Cake/View/View.php, line 874
View::render() - CORE/Cake/View/View.php, line 465
Controller::render() - CORE/Cake/Controller/Controller.php, line 959
Dispatcher::_invoke() - CORE/Cake/Routing/Dispatcher.php, line 110
Dispatcher::dispatch() - CORE/Cake/Routing/Dispatcher.php, line 85
[main] - APP/webroot/index.php, line 97

2013-02-15 21:29:06 Notice: Notice (8): Undefined variable: posts in [/Users/mmoscosa/Sites/mmoscosaV3/View/Portfolio/index.ctp, line 7]
Trace:
include - APP/View/Portfolio/index.ctp, line 7
View::_evaluate() - CORE/Cake/View/View.php, line 910
View::_render() - CORE/Cake/View/View.php, line 874
View::render() - CORE/Cake/View/View.php, line 465
Controller::render() - CORE/Cake/Controller/Controller.php, line 959
Dispatcher::_invoke() - CORE/Cake/Routing/Dispatcher.php, line 110
Dispatcher::dispatch() - CORE/Cake/Routing/Dispatcher.php, line 85
[main] - APP/webroot/index.php, line 97

2013-02-15 21:29:37 Notice: Notice (8): Undefined variable: posts in [/Users/mmoscosa/Sites/mmoscosaV3/View/Portfolio/index.ctp, line 7]
Trace:
include - APP/View/Portfolio/index.ctp, line 7
View::_evaluate() - CORE/Cake/View/View.php, line 910
View::_render() - CORE/Cake/View/View.php, line 874
View::render() - CORE/Cake/View/View.php, line 465
Controller::render() - CORE/Cake/Controller/Controller.php, line 959
Dispatcher::_invoke() - CORE/Cake/Routing/Dispatcher.php, line 110
Dispatcher::dispatch() - CORE/Cake/Routing/Dispatcher.php, line 85
[main] - APP/webroot/index.php, line 97

2013-02-15 21:30:14 Notice: Notice (8): Undefined variable: posts in [/Users/mmoscosa/Sites/mmoscosaV3/View/Portfolio/index.ctp, line 7]
Trace:
include - APP/View/Portfolio/index.ctp, line 7
View::_evaluate() - CORE/Cake/View/View.php, line 910
View::_render() - CORE/Cake/View/View.php, line 874
View::render() - CORE/Cake/View/View.php, line 465
Controller::render() - CORE/Cake/Controller/Controller.php, line 959
Dispatcher::_invoke() - CORE/Cake/Routing/Dispatcher.php, line 110
Dispatcher::dispatch() - CORE/Cake/Routing/Dispatcher.php, line 85
[main] - APP/webroot/index.php, line 97

2013-02-15 21:42:07 Notice: Notice (8): Undefined variable: posts in [/Users/mmoscosa/Sites/mmoscosaV3/View/Portfolio/index.ctp, line 7]
Trace:
include - APP/View/Portfolio/index.ctp, line 7
View::_evaluate() - CORE/Cake/View/View.php, line 910
View::_render() - CORE/Cake/View/View.php, line 874
View::render() - CORE/Cake/View/View.php, line 465
Controller::render() - CORE/Cake/Controller/Controller.php, line 959
Dispatcher::_invoke() - CORE/Cake/Routing/Dispatcher.php, line 110
Dispatcher::dispatch() - CORE/Cake/Routing/Dispatcher.php, line 85
[main] - APP/webroot/index.php, line 97

2013-02-15 21:42:40 Notice: Notice (8): Undefined variable: posts in [/Users/mmoscosa/Sites/mmoscosaV3/View/Portfolio/index.ctp, line 7]
Trace:
include - APP/View/Portfolio/index.ctp, line 7
View::_evaluate() - CORE/Cake/View/View.php, line 910
View::_render() - CORE/Cake/View/View.php, line 874
View::render() - CORE/Cake/View/View.php, line 465
Controller::render() - CORE/Cake/Controller/Controller.php, line 959
Dispatcher::_invoke() - CORE/Cake/Routing/Dispatcher.php, line 110
Dispatcher::dispatch() - CORE/Cake/Routing/Dispatcher.php, line 85
[main] - APP/webroot/index.php, line 97

2013-02-15 21:43:22 Notice: Notice (8): Undefined variable: posts in [/Users/mmoscosa/Sites/mmoscosaV3/View/Portfolio/index.ctp, line 7]
Trace:
include - APP/View/Portfolio/index.ctp, line 7
View::_evaluate() - CORE/Cake/View/View.php, line 910
View::_render() - CORE/Cake/View/View.php, line 874
View::render() - CORE/Cake/View/View.php, line 465
Controller::render() - CORE/Cake/Controller/Controller.php, line 959
Dispatcher::_invoke() - CORE/Cake/Routing/Dispatcher.php, line 110
Dispatcher::dispatch() - CORE/Cake/Routing/Dispatcher.php, line 85
[main] - APP/webroot/index.php, line 97

2013-02-15 21:43:51 Notice: Notice (8): Undefined variable: posts in [/Users/mmoscosa/Sites/mmoscosaV3/View/Portfolio/index.ctp, line 7]
Trace:
include - APP/View/Portfolio/index.ctp, line 7
View::_evaluate() - CORE/Cake/View/View.php, line 910
View::_render() - CORE/Cake/View/View.php, line 874
View::render() - CORE/Cake/View/View.php, line 465
Controller::render() - CORE/Cake/Controller/Controller.php, line 959
Dispatcher::_invoke() - CORE/Cake/Routing/Dispatcher.php, line 110
Dispatcher::dispatch() - CORE/Cake/Routing/Dispatcher.php, line 85
[main] - APP/webroot/index.php, line 97

2013-02-15 22:01:40 Notice: Notice (8): Undefined variable: posts in [/Users/mmoscosa/Sites/mmoscosaV3/View/Portfolio/index.ctp, line 7]
Trace:
include - APP/View/Portfolio/index.ctp, line 7
View::_evaluate() - CORE/Cake/View/View.php, line 910
View::_render() - CORE/Cake/View/View.php, line 874
View::render() - CORE/Cake/View/View.php, line 465
Controller::render() - CORE/Cake/Controller/Controller.php, line 959
Dispatcher::_invoke() - CORE/Cake/Routing/Dispatcher.php, line 110
Dispatcher::dispatch() - CORE/Cake/Routing/Dispatcher.php, line 85
[main] - APP/webroot/index.php, line 97

2013-02-15 22:15:18 Notice: Notice (8): Undefined variable: posts in [/Users/mmoscosa/Sites/mmoscosaV3/View/Portfolio/index.ctp, line 7]
Trace:
include - APP/View/Portfolio/index.ctp, line 7
View::_evaluate() - CORE/Cake/View/View.php, line 910
View::_render() - CORE/Cake/View/View.php, line 874
View::render() - CORE/Cake/View/View.php, line 465
Controller::render() - CORE/Cake/Controller/Controller.php, line 959
Dispatcher::_invoke() - CORE/Cake/Routing/Dispatcher.php, line 110
Dispatcher::dispatch() - CORE/Cake/Routing/Dispatcher.php, line 85
[main] - APP/webroot/index.php, line 97

2013-02-15 22:17:34 Notice: Notice (8): Undefined variable: posts in [/Users/mmoscosa/Sites/mmoscosaV3/View/Portfolio/index.ctp, line 7]
Trace:
include - APP/View/Portfolio/index.ctp, line 7
View::_evaluate() - CORE/Cake/View/View.php, line 910
View::_render() - CORE/Cake/View/View.php, line 874
View::render() - CORE/Cake/View/View.php, line 465
Controller::render() - CORE/Cake/Controller/Controller.php, line 959
Dispatcher::_invoke() - CORE/Cake/Routing/Dispatcher.php, line 110
Dispatcher::dispatch() - CORE/Cake/Routing/Dispatcher.php, line 85
[main] - APP/webroot/index.php, line 97

2013-02-15 22:17:59 Notice: Notice (8): Undefined variable: posts in [/Users/mmoscosa/Sites/mmoscosaV3/View/Portfolio/index.ctp, line 7]
Trace:
include - APP/View/Portfolio/index.ctp, line 7
View::_evaluate() - CORE/Cake/View/View.php, line 910
View::_render() - CORE/Cake/View/View.php, line 874
View::render() - CORE/Cake/View/View.php, line 465
Controller::render() - CORE/Cake/Controller/Controller.php, line 959
Dispatcher::_invoke() - CORE/Cake/Routing/Dispatcher.php, line 110
Dispatcher::dispatch() - CORE/Cake/Routing/Dispatcher.php, line 85
[main] - APP/webroot/index.php, line 97

2013-02-15 22:20:42 Notice: Notice (8): Undefined variable: posts in [/Users/mmoscosa/Sites/mmoscosaV3/View/Portfolio/index.ctp, line 7]
Trace:
include - APP/View/Portfolio/index.ctp, line 7
View::_evaluate() - CORE/Cake/View/View.php, line 910
View::_render() - CORE/Cake/View/View.php, line 874
View::render() - CORE/Cake/View/View.php, line 465
Controller::render() - CORE/Cake/Controller/Controller.php, line 959
Dispatcher::_invoke() - CORE/Cake/Routing/Dispatcher.php, line 110
Dispatcher::dispatch() - CORE/Cake/Routing/Dispatcher.php, line 85
[main] - APP/webroot/index.php, line 97

2013-02-15 22:27:02 Notice: Notice (8): Undefined variable: posts in [/Users/mmoscosa/Sites/mmoscosaV3/View/Portfolio/index.ctp, line 7]
Trace:
include - APP/View/Portfolio/index.ctp, line 7
View::_evaluate() - CORE/Cake/View/View.php, line 910
View::_render() - CORE/Cake/View/View.php, line 874
View::render() - CORE/Cake/View/View.php, line 465
Controller::render() - CORE/Cake/Controller/Controller.php, line 959
Dispatcher::_invoke() - CORE/Cake/Routing/Dispatcher.php, line 110
Dispatcher::dispatch() - CORE/Cake/Routing/Dispatcher.php, line 85
[main] - APP/webroot/index.php, line 97

2013-02-15 22:27:50 Notice: Notice (8): Undefined variable: posts in [/Users/mmoscosa/Sites/mmoscosaV3/View/Portfolio/index.ctp, line 7]
Trace:
include - APP/View/Portfolio/index.ctp, line 7
View::_evaluate() - CORE/Cake/View/View.php, line 910
View::_render() - CORE/Cake/View/View.php, line 874
View::render() - CORE/Cake/View/View.php, line 465
Controller::render() - CORE/Cake/Controller/Controller.php, line 959
Dispatcher::_invoke() - CORE/Cake/Routing/Dispatcher.php, line 110
Dispatcher::dispatch() - CORE/Cake/Routing/Dispatcher.php, line 85
[main] - APP/webroot/index.php, line 97

2013-02-15 22:28:13 Notice: Notice (8): Undefined variable: posts in [/Users/mmoscosa/Sites/mmoscosaV3/View/Portfolio/index.ctp, line 7]
Trace:
include - APP/View/Portfolio/index.ctp, line 7
View::_evaluate() - CORE/Cake/View/View.php, line 910
View::_render() - CORE/Cake/View/View.php, line 874
View::render() - CORE/Cake/View/View.php, line 465
Controller::render() - CORE/Cake/Controller/Controller.php, line 959
Dispatcher::_invoke() - CORE/Cake/Routing/Dispatcher.php, line 110
Dispatcher::dispatch() - CORE/Cake/Routing/Dispatcher.php, line 85
[main] - APP/webroot/index.php, line 97

2013-02-15 22:34:09 Notice: Notice (8): Undefined variable: posts in [/Users/mmoscosa/Sites/mmoscosaV3/View/Portfolio/index.ctp, line 7]
Trace:
include - APP/View/Portfolio/index.ctp, line 7
View::_evaluate() - CORE/Cake/View/View.php, line 910
View::_render() - CORE/Cake/View/View.php, line 874
View::render() - CORE/Cake/View/View.php, line 465
Controller::render() - CORE/Cake/Controller/Controller.php, line 959
Dispatcher::_invoke() - CORE/Cake/Routing/Dispatcher.php, line 110
Dispatcher::dispatch() - CORE/Cake/Routing/Dispatcher.php, line 85
[main] - APP/webroot/index.php, line 97

2013-02-15 22:35:32 Notice: Notice (8): Undefined variable: posts in [/Users/mmoscosa/Sites/mmoscosaV3/View/Portfolio/index.ctp, line 7]
Trace:
include - APP/View/Portfolio/index.ctp, line 7
View::_evaluate() - CORE/Cake/View/View.php, line 910
View::_render() - CORE/Cake/View/View.php, line 874
View::render() - CORE/Cake/View/View.php, line 465
Controller::render() - CORE/Cake/Controller/Controller.php, line 959
Dispatcher::_invoke() - CORE/Cake/Routing/Dispatcher.php, line 110
Dispatcher::dispatch() - CORE/Cake/Routing/Dispatcher.php, line 85
[main] - APP/webroot/index.php, line 97

2013-02-15 22:35:36 Notice: Notice (8): Undefined variable: posts in [/Users/mmoscosa/Sites/mmoscosaV3/View/Portfolio/index.ctp, line 7]
Trace:
include - APP/View/Portfolio/index.ctp, line 7
View::_evaluate() - CORE/Cake/View/View.php, line 910
View::_render() - CORE/Cake/View/View.php, line 874
View::render() - CORE/Cake/View/View.php, line 465
Controller::render() - CORE/Cake/Controller/Controller.php, line 959
Dispatcher::_invoke() - CORE/Cake/Routing/Dispatcher.php, line 110
Dispatcher::dispatch() - CORE/Cake/Routing/Dispatcher.php, line 85
[main] - APP/webroot/index.php, line 97

2013-02-15 22:38:33 Notice: Notice (8): Undefined variable: posts in [/Users/mmoscosa/Sites/mmoscosaV3/View/Portfolio/index.ctp, line 7]
Trace:
include - APP/View/Portfolio/index.ctp, line 7
View::_evaluate() - CORE/Cake/View/View.php, line 910
View::_render() - CORE/Cake/View/View.php, line 874
View::render() - CORE/Cake/View/View.php, line 465
Controller::render() - CORE/Cake/Controller/Controller.php, line 959
Dispatcher::_invoke() - CORE/Cake/Routing/Dispatcher.php, line 110
Dispatcher::dispatch() - CORE/Cake/Routing/Dispatcher.php, line 85
[main] - APP/webroot/index.php, line 97

2013-02-15 22:39:22 Notice: Notice (8): Undefined variable: posts in [/Users/mmoscosa/Sites/mmoscosaV3/View/Portfolio/index.ctp, line 7]
Trace:
include - APP/View/Portfolio/index.ctp, line 7
View::_evaluate() - CORE/Cake/View/View.php, line 910
View::_render() - CORE/Cake/View/View.php, line 874
View::render() - CORE/Cake/View/View.php, line 465
Controller::render() - CORE/Cake/Controller/Controller.php, line 959
Dispatcher::_invoke() - CORE/Cake/Routing/Dispatcher.php, line 110
Dispatcher::dispatch() - CORE/Cake/Routing/Dispatcher.php, line 85
[main] - APP/webroot/index.php, line 97

2013-02-15 22:50:24 Notice: Notice (8): Undefined variable: posts in [/Users/mmoscosa/Sites/mmoscosaV3/View/Portfolio/index.ctp, line 7]
Trace:
include - APP/View/Portfolio/index.ctp, line 7
View::_evaluate() - CORE/Cake/View/View.php, line 910
View::_render() - CORE/Cake/View/View.php, line 874
View::render() - CORE/Cake/View/View.php, line 465
Controller::render() - CORE/Cake/Controller/Controller.php, line 959
Dispatcher::_invoke() - CORE/Cake/Routing/Dispatcher.php, line 110
Dispatcher::dispatch() - CORE/Cake/Routing/Dispatcher.php, line 85
[main] - APP/webroot/index.php, line 97

2013-02-15 22:51:13 Notice: Notice (8): Undefined variable: posts in [/Users/mmoscosa/Sites/mmoscosaV3/View/Portfolio/index.ctp, line 7]
Trace:
include - APP/View/Portfolio/index.ctp, line 7
View::_evaluate() - CORE/Cake/View/View.php, line 910
View::_render() - CORE/Cake/View/View.php, line 874
View::render() - CORE/Cake/View/View.php, line 465
Controller::render() - CORE/Cake/Controller/Controller.php, line 959
Dispatcher::_invoke() - CORE/Cake/Routing/Dispatcher.php, line 110
Dispatcher::dispatch() - CORE/Cake/Routing/Dispatcher.php, line 85
[main] - APP/webroot/index.php, line 97

2013-02-15 22:51:28 Notice: Notice (8): Undefined variable: posts in [/Users/mmoscosa/Sites/mmoscosaV3/View/Portfolio/index.ctp, line 7]
Trace:
include - APP/View/Portfolio/index.ctp, line 7
View::_evaluate() - CORE/Cake/View/View.php, line 910
View::_render() - CORE/Cake/View/View.php, line 874
View::render() - CORE/Cake/View/View.php, line 465
Controller::render() - CORE/Cake/Controller/Controller.php, line 959
Dispatcher::_invoke() - CORE/Cake/Routing/Dispatcher.php, line 110
Dispatcher::dispatch() - CORE/Cake/Routing/Dispatcher.php, line 85
[main] - APP/webroot/index.php, line 97

2013-02-15 22:52:51 Notice: Notice (8): Undefined variable: posts in [/Users/mmoscosa/Sites/mmoscosaV3/View/Portfolio/index.ctp, line 7]
Trace:
include - APP/View/Portfolio/index.ctp, line 7
View::_evaluate() - CORE/Cake/View/View.php, line 910
View::_render() - CORE/Cake/View/View.php, line 874
View::render() - CORE/Cake/View/View.php, line 465
Controller::render() - CORE/Cake/Controller/Controller.php, line 959
Dispatcher::_invoke() - CORE/Cake/Routing/Dispatcher.php, line 110
Dispatcher::dispatch() - CORE/Cake/Routing/Dispatcher.php, line 85
[main] - APP/webroot/index.php, line 97

2013-02-15 22:53:11 Notice: Notice (8): Undefined variable: posts in [/Users/mmoscosa/Sites/mmoscosaV3/View/Portfolio/index.ctp, line 7]
Trace:
include - APP/View/Portfolio/index.ctp, line 7
View::_evaluate() - CORE/Cake/View/View.php, line 910
View::_render() - CORE/Cake/View/View.php, line 874
View::render() - CORE/Cake/View/View.php, line 465
Controller::render() - CORE/Cake/Controller/Controller.php, line 959
Dispatcher::_invoke() - CORE/Cake/Routing/Dispatcher.php, line 110
Dispatcher::dispatch() - CORE/Cake/Routing/Dispatcher.php, line 85
[main] - APP/webroot/index.php, line 97

2013-02-15 22:56:42 Notice: Notice (8): Undefined variable: posts in [/Users/mmoscosa/Sites/mmoscosaV3/View/Portfolio/index.ctp, line 7]
Trace:
include - APP/View/Portfolio/index.ctp, line 7
View::_evaluate() - CORE/Cake/View/View.php, line 910
View::_render() - CORE/Cake/View/View.php, line 874
View::render() - CORE/Cake/View/View.php, line 465
Controller::render() - CORE/Cake/Controller/Controller.php, line 959
Dispatcher::_invoke() - CORE/Cake/Routing/Dispatcher.php, line 110
Dispatcher::dispatch() - CORE/Cake/Routing/Dispatcher.php, line 85
[main] - APP/webroot/index.php, line 97

2013-02-15 22:58:34 Notice: Notice (8): Undefined variable: posts in [/Users/mmoscosa/Sites/mmoscosaV3/View/Portfolio/index.ctp, line 7]
Trace:
include - APP/View/Portfolio/index.ctp, line 7
View::_evaluate() - CORE/Cake/View/View.php, line 910
View::_render() - CORE/Cake/View/View.php, line 874
View::render() - CORE/Cake/View/View.php, line 465
Controller::render() - CORE/Cake/Controller/Controller.php, line 959
Dispatcher::_invoke() - CORE/Cake/Routing/Dispatcher.php, line 110
Dispatcher::dispatch() - CORE/Cake/Routing/Dispatcher.php, line 85
[main] - APP/webroot/index.php, line 97

2013-02-15 22:59:29 Notice: Notice (8): Undefined variable: posts in [/Users/mmoscosa/Sites/mmoscosaV3/View/Portfolio/index.ctp, line 7]
Trace:
include - APP/View/Portfolio/index.ctp, line 7
View::_evaluate() - CORE/Cake/View/View.php, line 910
View::_render() - CORE/Cake/View/View.php, line 874
View::render() - CORE/Cake/View/View.php, line 465
Controller::render() - CORE/Cake/Controller/Controller.php, line 959
Dispatcher::_invoke() - CORE/Cake/Routing/Dispatcher.php, line 110
Dispatcher::dispatch() - CORE/Cake/Routing/Dispatcher.php, line 85
[main] - APP/webroot/index.php, line 97

2013-02-15 23:03:03 Notice: Notice (8): Undefined variable: posts in [/Users/mmoscosa/Sites/mmoscosaV3/View/Portfolio/index.ctp, line 7]
Trace:
include - APP/View/Portfolio/index.ctp, line 7
View::_evaluate() - CORE/Cake/View/View.php, line 910
View::_render() - CORE/Cake/View/View.php, line 874
View::render() - CORE/Cake/View/View.php, line 465
Controller::render() - CORE/Cake/Controller/Controller.php, line 959
Dispatcher::_invoke() - CORE/Cake/Routing/Dispatcher.php, line 110
Dispatcher::dispatch() - CORE/Cake/Routing/Dispatcher.php, line 85
[main] - APP/webroot/index.php, line 97

2013-02-15 23:03:15 Notice: Notice (8): Undefined variable: posts in [/Users/mmoscosa/Sites/mmoscosaV3/View/Portfolio/index.ctp, line 7]
Trace:
include - APP/View/Portfolio/index.ctp, line 7
View::_evaluate() - CORE/Cake/View/View.php, line 910
View::_render() - CORE/Cake/View/View.php, line 874
View::render() - CORE/Cake/View/View.php, line 465
Controller::render() - CORE/Cake/Controller/Controller.php, line 959
Dispatcher::_invoke() - CORE/Cake/Routing/Dispatcher.php, line 110
Dispatcher::dispatch() - CORE/Cake/Routing/Dispatcher.php, line 85
[main] - APP/webroot/index.php, line 97

2013-02-15 23:05:59 Notice: Notice (8): Undefined variable: posts in [/Users/mmoscosa/Sites/mmoscosaV3/View/Portfolio/index.ctp, line 7]
Trace:
include - APP/View/Portfolio/index.ctp, line 7
View::_evaluate() - CORE/Cake/View/View.php, line 910
View::_render() - CORE/Cake/View/View.php, line 874
View::render() - CORE/Cake/View/View.php, line 465
Controller::render() - CORE/Cake/Controller/Controller.php, line 959
Dispatcher::_invoke() - CORE/Cake/Routing/Dispatcher.php, line 110
Dispatcher::dispatch() - CORE/Cake/Routing/Dispatcher.php, line 85
[main] - APP/webroot/index.php, line 97

2013-02-15 23:07:16 Notice: Notice (8): Undefined variable: posts in [/Users/mmoscosa/Sites/mmoscosaV3/View/Portfolio/index.ctp, line 7]
Trace:
include - APP/View/Portfolio/index.ctp, line 7
View::_evaluate() - CORE/Cake/View/View.php, line 910
View::_render() - CORE/Cake/View/View.php, line 874
View::render() - CORE/Cake/View/View.php, line 465
Controller::render() - CORE/Cake/Controller/Controller.php, line 959
Dispatcher::_invoke() - CORE/Cake/Routing/Dispatcher.php, line 110
Dispatcher::dispatch() - CORE/Cake/Routing/Dispatcher.php, line 85
[main] - APP/webroot/index.php, line 97

2013-02-15 23:09:53 Notice: Notice (8): Undefined variable: posts in [/Users/mmoscosa/Sites/mmoscosaV3/View/Portfolio/index.ctp, line 7]
Trace:
include - APP/View/Portfolio/index.ctp, line 7
View::_evaluate() - CORE/Cake/View/View.php, line 910
View::_render() - CORE/Cake/View/View.php, line 874
View::render() - CORE/Cake/View/View.php, line 465
Controller::render() - CORE/Cake/Controller/Controller.php, line 959
Dispatcher::_invoke() - CORE/Cake/Routing/Dispatcher.php, line 110
Dispatcher::dispatch() - CORE/Cake/Routing/Dispatcher.php, line 85
[main] - APP/webroot/index.php, line 97

2013-02-15 23:10:22 Notice: Notice (8): Undefined variable: posts in [/Users/mmoscosa/Sites/mmoscosaV3/View/Portfolio/index.ctp, line 7]
Trace:
include - APP/View/Portfolio/index.ctp, line 7
View::_evaluate() - CORE/Cake/View/View.php, line 910
View::_render() - CORE/Cake/View/View.php, line 874
View::render() - CORE/Cake/View/View.php, line 465
Controller::render() - CORE/Cake/Controller/Controller.php, line 959
Dispatcher::_invoke() - CORE/Cake/Routing/Dispatcher.php, line 110
Dispatcher::dispatch() - CORE/Cake/Routing/Dispatcher.php, line 85
[main] - APP/webroot/index.php, line 97

2013-02-15 23:11:59 Notice: Notice (8): Undefined variable: posts in [/Users/mmoscosa/Sites/mmoscosaV3/View/Portfolio/index.ctp, line 7]
Trace:
include - APP/View/Portfolio/index.ctp, line 7
View::_evaluate() - CORE/Cake/View/View.php, line 910
View::_render() - CORE/Cake/View/View.php, line 874
View::render() - CORE/Cake/View/View.php, line 465
Controller::render() - CORE/Cake/Controller/Controller.php, line 959
Dispatcher::_invoke() - CORE/Cake/Routing/Dispatcher.php, line 110
Dispatcher::dispatch() - CORE/Cake/Routing/Dispatcher.php, line 85
[main] - APP/webroot/index.php, line 97

2013-02-15 23:13:06 Notice: Notice (8): Undefined variable: posts in [/Users/mmoscosa/Sites/mmoscosaV3/View/Portfolio/index.ctp, line 7]
Trace:
include - APP/View/Portfolio/index.ctp, line 7
View::_evaluate() - CORE/Cake/View/View.php, line 910
View::_render() - CORE/Cake/View/View.php, line 874
View::render() - CORE/Cake/View/View.php, line 465
Controller::render() - CORE/Cake/Controller/Controller.php, line 959
Dispatcher::_invoke() - CORE/Cake/Routing/Dispatcher.php, line 110
Dispatcher::dispatch() - CORE/Cake/Routing/Dispatcher.php, line 85
[main] - APP/webroot/index.php, line 97

2013-02-15 23:13:39 Notice: Notice (8): Undefined variable: posts in [/Users/mmoscosa/Sites/mmoscosaV3/View/Portfolio/index.ctp, line 7]
Trace:
include - APP/View/Portfolio/index.ctp, line 7
View::_evaluate() - CORE/Cake/View/View.php, line 910
View::_render() - CORE/Cake/View/View.php, line 874
View::render() - CORE/Cake/View/View.php, line 465
Controller::render() - CORE/Cake/Controller/Controller.php, line 959
Dispatcher::_invoke() - CORE/Cake/Routing/Dispatcher.php, line 110
Dispatcher::dispatch() - CORE/Cake/Routing/Dispatcher.php, line 85
[main] - APP/webroot/index.php, line 97

2013-02-15 23:14:39 Notice: Notice (8): Undefined variable: posts in [/Users/mmoscosa/Sites/mmoscosaV3/View/Portfolio/index.ctp, line 7]
Trace:
include - APP/View/Portfolio/index.ctp, line 7
View::_evaluate() - CORE/Cake/View/View.php, line 910
View::_render() - CORE/Cake/View/View.php, line 874
View::render() - CORE/Cake/View/View.php, line 465
Controller::render() - CORE/Cake/Controller/Controller.php, line 959
Dispatcher::_invoke() - CORE/Cake/Routing/Dispatcher.php, line 110
Dispatcher::dispatch() - CORE/Cake/Routing/Dispatcher.php, line 85
[main] - APP/webroot/index.php, line 97

2013-02-15 23:14:57 Notice: Notice (8): Undefined variable: posts in [/Users/mmoscosa/Sites/mmoscosaV3/View/Portfolio/index.ctp, line 7]
Trace:
include - APP/View/Portfolio/index.ctp, line 7
View::_evaluate() - CORE/Cake/View/View.php, line 910
View::_render() - CORE/Cake/View/View.php, line 874
View::render() - CORE/Cake/View/View.php, line 465
Controller::render() - CORE/Cake/Controller/Controller.php, line 959
Dispatcher::_invoke() - CORE/Cake/Routing/Dispatcher.php, line 110
Dispatcher::dispatch() - CORE/Cake/Routing/Dispatcher.php, line 85
[main] - APP/webroot/index.php, line 97

2013-02-15 23:15:24 Notice: Notice (8): Undefined variable: posts in [/Users/mmoscosa/Sites/mmoscosaV3/View/Portfolio/index.ctp, line 7]
Trace:
include - APP/View/Portfolio/index.ctp, line 7
View::_evaluate() - CORE/Cake/View/View.php, line 910
View::_render() - CORE/Cake/View/View.php, line 874
View::render() - CORE/Cake/View/View.php, line 465
Controller::render() - CORE/Cake/Controller/Controller.php, line 959
Dispatcher::_invoke() - CORE/Cake/Routing/Dispatcher.php, line 110
Dispatcher::dispatch() - CORE/Cake/Routing/Dispatcher.php, line 85
[main] - APP/webroot/index.php, line 97

2013-02-15 23:16:55 Notice: Notice (8): Undefined variable: posts in [/Users/mmoscosa/Sites/mmoscosaV3/View/Portfolio/index.ctp, line 7]
Trace:
include - APP/View/Portfolio/index.ctp, line 7
View::_evaluate() - CORE/Cake/View/View.php, line 910
View::_render() - CORE/Cake/View/View.php, line 874
View::render() - CORE/Cake/View/View.php, line 465
Controller::render() - CORE/Cake/Controller/Controller.php, line 959
Dispatcher::_invoke() - CORE/Cake/Routing/Dispatcher.php, line 110
Dispatcher::dispatch() - CORE/Cake/Routing/Dispatcher.php, line 85
[main] - APP/webroot/index.php, line 97

2013-02-15 23:17:39 Notice: Notice (8): Undefined variable: posts in [/Users/mmoscosa/Sites/mmoscosaV3/View/Portfolio/index.ctp, line 7]
Trace:
include - APP/View/Portfolio/index.ctp, line 7
View::_evaluate() - CORE/Cake/View/View.php, line 910
View::_render() - CORE/Cake/View/View.php, line 874
View::render() - CORE/Cake/View/View.php, line 465
Controller::render() - CORE/Cake/Controller/Controller.php, line 959
Dispatcher::_invoke() - CORE/Cake/Routing/Dispatcher.php, line 110
Dispatcher::dispatch() - CORE/Cake/Routing/Dispatcher.php, line 85
[main] - APP/webroot/index.php, line 97

2013-02-15 23:18:00 Notice: Notice (8): Undefined variable: posts in [/Users/mmoscosa/Sites/mmoscosaV3/View/Portfolio/index.ctp, line 7]
Trace:
include - APP/View/Portfolio/index.ctp, line 7
View::_evaluate() - CORE/Cake/View/View.php, line 910
View::_render() - CORE/Cake/View/View.php, line 874
View::render() - CORE/Cake/View/View.php, line 465
Controller::render() - CORE/Cake/Controller/Controller.php, line 959
Dispatcher::_invoke() - CORE/Cake/Routing/Dispatcher.php, line 110
Dispatcher::dispatch() - CORE/Cake/Routing/Dispatcher.php, line 85
[main] - APP/webroot/index.php, line 97

2013-02-15 23:18:56 Notice: Notice (8): Undefined variable: posts in [/Users/mmoscosa/Sites/mmoscosaV3/View/Portfolio/index.ctp, line 7]
Trace:
include - APP/View/Portfolio/index.ctp, line 7
View::_evaluate() - CORE/Cake/View/View.php, line 910
View::_render() - CORE/Cake/View/View.php, line 874
View::render() - CORE/Cake/View/View.php, line 465
Controller::render() - CORE/Cake/Controller/Controller.php, line 959
Dispatcher::_invoke() - CORE/Cake/Routing/Dispatcher.php, line 110
Dispatcher::dispatch() - CORE/Cake/Routing/Dispatcher.php, line 85
[main] - APP/webroot/index.php, line 97

2013-02-15 23:21:45 Notice: Notice (8): Undefined variable: posts in [/Users/mmoscosa/Sites/mmoscosaV3/View/Portfolio/index.ctp, line 7]
Trace:
include - APP/View/Portfolio/index.ctp, line 7
View::_evaluate() - CORE/Cake/View/View.php, line 910
View::_render() - CORE/Cake/View/View.php, line 874
View::render() - CORE/Cake/View/View.php, line 465
Controller::render() - CORE/Cake/Controller/Controller.php, line 959
Dispatcher::_invoke() - CORE/Cake/Routing/Dispatcher.php, line 110
Dispatcher::dispatch() - CORE/Cake/Routing/Dispatcher.php, line 85
[main] - APP/webroot/index.php, line 97

2013-02-15 23:22:21 Notice: Notice (8): Undefined variable: posts in [/Users/mmoscosa/Sites/mmoscosaV3/View/Portfolio/index.ctp, line 7]
Trace:
include - APP/View/Portfolio/index.ctp, line 7
View::_evaluate() - CORE/Cake/View/View.php, line 910
View::_render() - CORE/Cake/View/View.php, line 874
View::render() - CORE/Cake/View/View.php, line 465
Controller::render() - CORE/Cake/Controller/Controller.php, line 959
Dispatcher::_invoke() - CORE/Cake/Routing/Dispatcher.php, line 110
Dispatcher::dispatch() - CORE/Cake/Routing/Dispatcher.php, line 85
[main] - APP/webroot/index.php, line 97

2013-02-15 23:22:34 Notice: Notice (8): Undefined variable: posts in [/Users/mmoscosa/Sites/mmoscosaV3/View/Portfolio/index.ctp, line 7]
Trace:
include - APP/View/Portfolio/index.ctp, line 7
View::_evaluate() - CORE/Cake/View/View.php, line 910
View::_render() - CORE/Cake/View/View.php, line 874
View::render() - CORE/Cake/View/View.php, line 465
Controller::render() - CORE/Cake/Controller/Controller.php, line 959
Dispatcher::_invoke() - CORE/Cake/Routing/Dispatcher.php, line 110
Dispatcher::dispatch() - CORE/Cake/Routing/Dispatcher.php, line 85
[main] - APP/webroot/index.php, line 97

2013-02-15 23:23:11 Notice: Notice (8): Undefined variable: posts in [/Users/mmoscosa/Sites/mmoscosaV3/View/Portfolio/index.ctp, line 7]
Trace:
include - APP/View/Portfolio/index.ctp, line 7
View::_evaluate() - CORE/Cake/View/View.php, line 910
View::_render() - CORE/Cake/View/View.php, line 874
View::render() - CORE/Cake/View/View.php, line 465
Controller::render() - CORE/Cake/Controller/Controller.php, line 959
Dispatcher::_invoke() - CORE/Cake/Routing/Dispatcher.php, line 110
Dispatcher::dispatch() - CORE/Cake/Routing/Dispatcher.php, line 85
[main] - APP/webroot/index.php, line 97

2013-02-15 23:23:51 Notice: Notice (8): Undefined variable: posts in [/Users/mmoscosa/Sites/mmoscosaV3/View/Portfolio/index.ctp, line 7]
Trace:
include - APP/View/Portfolio/index.ctp, line 7
View::_evaluate() - CORE/Cake/View/View.php, line 910
View::_render() - CORE/Cake/View/View.php, line 874
View::render() - CORE/Cake/View/View.php, line 465
Controller::render() - CORE/Cake/Controller/Controller.php, line 959
Dispatcher::_invoke() - CORE/Cake/Routing/Dispatcher.php, line 110
Dispatcher::dispatch() - CORE/Cake/Routing/Dispatcher.php, line 85
[main] - APP/webroot/index.php, line 97

2013-02-15 23:25:00 Notice: Notice (8): Undefined variable: posts in [/Users/mmoscosa/Sites/mmoscosaV3/View/Portfolio/index.ctp, line 7]
Trace:
include - APP/View/Portfolio/index.ctp, line 7
View::_evaluate() - CORE/Cake/View/View.php, line 910
View::_render() - CORE/Cake/View/View.php, line 874
View::render() - CORE/Cake/View/View.php, line 465
Controller::render() - CORE/Cake/Controller/Controller.php, line 959
Dispatcher::_invoke() - CORE/Cake/Routing/Dispatcher.php, line 110
Dispatcher::dispatch() - CORE/Cake/Routing/Dispatcher.php, line 85
[main] - APP/webroot/index.php, line 97

2013-02-15 23:30:53 Notice: Notice (8): Undefined variable: posts in [/Users/mmoscosa/Sites/mmoscosaV3/View/Portfolio/index.ctp, line 7]
Trace:
include - APP/View/Portfolio/index.ctp, line 7
View::_evaluate() - CORE/Cake/View/View.php, line 910
View::_render() - CORE/Cake/View/View.php, line 874
View::render() - CORE/Cake/View/View.php, line 465
Controller::render() - CORE/Cake/Controller/Controller.php, line 959
Dispatcher::_invoke() - CORE/Cake/Routing/Dispatcher.php, line 110
Dispatcher::dispatch() - CORE/Cake/Routing/Dispatcher.php, line 85
[main] - APP/webroot/index.php, line 97

2013-02-15 23:31:02 Notice: Notice (8): Undefined variable: posts in [/Users/mmoscosa/Sites/mmoscosaV3/View/Portfolio/index.ctp, line 7]
Trace:
include - APP/View/Portfolio/index.ctp, line 7
View::_evaluate() - CORE/Cake/View/View.php, line 910
View::_render() - CORE/Cake/View/View.php, line 874
View::render() - CORE/Cake/View/View.php, line 465
Controller::render() - CORE/Cake/Controller/Controller.php, line 959
Dispatcher::_invoke() - CORE/Cake/Routing/Dispatcher.php, line 110
Dispatcher::dispatch() - CORE/Cake/Routing/Dispatcher.php, line 85
[main] - APP/webroot/index.php, line 97

2013-02-15 23:31:23 Notice: Notice (8): Undefined variable: posts in [/Users/mmoscosa/Sites/mmoscosaV3/View/Portfolio/index.ctp, line 7]
Trace:
include - APP/View/Portfolio/index.ctp, line 7
View::_evaluate() - CORE/Cake/View/View.php, line 910
View::_render() - CORE/Cake/View/View.php, line 874
View::render() - CORE/Cake/View/View.php, line 465
Controller::render() - CORE/Cake/Controller/Controller.php, line 959
Dispatcher::_invoke() - CORE/Cake/Routing/Dispatcher.php, line 110
Dispatcher::dispatch() - CORE/Cake/Routing/Dispatcher.php, line 85
[main] - APP/webroot/index.php, line 97

2013-02-15 23:32:04 Notice: Notice (8): Undefined variable: posts in [/Users/mmoscosa/Sites/mmoscosaV3/View/Portfolio/index.ctp, line 7]
Trace:
include - APP/View/Portfolio/index.ctp, line 7
View::_evaluate() - CORE/Cake/View/View.php, line 910
View::_render() - CORE/Cake/View/View.php, line 874
View::render() - CORE/Cake/View/View.php, line 465
Controller::render() - CORE/Cake/Controller/Controller.php, line 959
Dispatcher::_invoke() - CORE/Cake/Routing/Dispatcher.php, line 110
Dispatcher::dispatch() - CORE/Cake/Routing/Dispatcher.php, line 85
[main] - APP/webroot/index.php, line 97

2013-02-15 23:42:16 Notice: Notice (8): Undefined variable: posts in [/Users/mmoscosa/Sites/mmoscosaV3/View/Portfolio/index.ctp, line 7]
Trace:
include - APP/View/Portfolio/index.ctp, line 7
View::_evaluate() - CORE/Cake/View/View.php, line 910
View::_render() - CORE/Cake/View/View.php, line 874
View::render() - CORE/Cake/View/View.php, line 465
Controller::render() - CORE/Cake/Controller/Controller.php, line 959
Dispatcher::_invoke() - CORE/Cake/Routing/Dispatcher.php, line 110
Dispatcher::dispatch() - CORE/Cake/Routing/Dispatcher.php, line 85
[main] - APP/webroot/index.php, line 97

2013-02-15 23:46:53 Notice: Notice (8): Undefined variable: posts in [/Users/mmoscosa/Sites/mmoscosaV3/View/Portfolio/index.ctp, line 7]
Trace:
include - APP/View/Portfolio/index.ctp, line 7
View::_evaluate() - CORE/Cake/View/View.php, line 910
View::_render() - CORE/Cake/View/View.php, line 874
View::render() - CORE/Cake/View/View.php, line 465
Controller::render() - CORE/Cake/Controller/Controller.php, line 959
Dispatcher::_invoke() - CORE/Cake/Routing/Dispatcher.php, line 110
Dispatcher::dispatch() - CORE/Cake/Routing/Dispatcher.php, line 85
[main] - APP/webroot/index.php, line 97

2013-02-15 23:50:03 Notice: Notice (8): Undefined variable: posts in [/Users/mmoscosa/Sites/mmoscosaV3/View/Portfolio/index.ctp, line 7]
Trace:
include - APP/View/Portfolio/index.ctp, line 7
View::_evaluate() - CORE/Cake/View/View.php, line 910
View::_render() - CORE/Cake/View/View.php, line 874
View::render() - CORE/Cake/View/View.php, line 465
Controller::render() - CORE/Cake/Controller/Controller.php, line 959
Dispatcher::_invoke() - CORE/Cake/Routing/Dispatcher.php, line 110
Dispatcher::dispatch() - CORE/Cake/Routing/Dispatcher.php, line 85
[main] - APP/webroot/index.php, line 97

2013-02-15 23:59:36 Notice: Notice (8): Undefined variable: posts in [/Users/mmoscosa/Sites/mmoscosaV3/View/Portfolio/index.ctp, line 7]
Trace:
include - APP/View/Portfolio/index.ctp, line 7
View::_evaluate() - CORE/Cake/View/View.php, line 910
View::_render() - CORE/Cake/View/View.php, line 874
View::render() - CORE/Cake/View/View.php, line 465
Controller::render() - CORE/Cake/Controller/Controller.php, line 959
Dispatcher::_invoke() - CORE/Cake/Routing/Dispatcher.php, line 110
Dispatcher::dispatch() - CORE/Cake/Routing/Dispatcher.php, line 85
[main] - APP/webroot/index.php, line 97

